Arguments: 
  /usr/bin/node /home/aleksi/.yarn/bin/yarn.js add p5.js

PATH: 
  /home/aleksi/.yarn/bin:/home/aleksi/.config/yarn/global/node_modules/.bin:/usr/local/sbin:/usr/local/bin:/usr/sbin:/usr/bin:/sbin:/bin:/usr/games:/usr/local/games:/mnt/d/Oculus/Support/oculus-runtime:/mnt/c/Program Files/NVIDIA GPU Computing Toolkit/CUDA/v11.2/bin:/mnt/c/Program Files/NVIDIA GPU Computing Toolkit/CUDA/v11.2/libnvvp:/mnt/c/Program Files (x86)/Common Files/Intel/Shared Libraries/redist/intel64/compiler:/mnt/c/Program Files/AdoptOpenJDK/jdk-11.0.8.10-hotspot/bin:/mnt/c/WINDOWS/system32:/mnt/c/WINDOWS:/mnt/c/WINDOWS/System32/Wbem:/mnt/c/WINDOWS/System32/WindowsPowerShell/v1.0/:/mnt/c/WINDOWS/System32/OpenSSH/:/mnt/c/Program Files/Microsoft SQL Server/130/Tools/Binn/:/mnt/c/Program Files/Microsoft SQL Server/Client SDK/ODBC/170/Tools/Binn/:/mnt/c/Program Files (x86)/NVIDIA Corporation/PhysX/Common:/mnt/c/Program Files/NVIDIA Corporation/Nsight Compute 2020.3.0/:/mnt/c/Program Files/NVIDIA Corporation/NVIDIA NvDLISR:/mnt/c/Program Files/dotnet/:/mnt/c/Program Files (x86)/IncrediBuild:/mnt/c/Users/Aleks/AppData/Local/Programs/Python/Python38/Scripts/:/mnt/c/Users/Aleks/AppData/Local/Programs/Python/Python38/:/mnt/c/Users/Aleks/AppData/Local/Programs/Python/Python39/Scripts/:/mnt/c/Users/Aleks/AppData/Local/Programs/Python/Python39/:/mnt/c/Users/Aleks/AppData/Local/Microsoft/WindowsApps:/mnt/d/Microsoft VS Code/bin:/mnt/c/Users/Aleks/.dotnet/tools

Yarn version: 
  1.22.5

Node version: 
  10.19.0

Platform: 
  linux x64

Trace: 
  Error: https://registry.yarnpkg.com/p5.js: Not found
      at Request.params.callback [as _callback] (/home/aleksi/.yarn/lib/cli.js:66988:18)
      at Request.self.callback (/home/aleksi/.yarn/lib/cli.js:140749:22)
      at Request.emit (events.js:198:13)
      at Request.<anonymous> (/home/aleksi/.yarn/lib/cli.js:141721:10)
      at Request.emit (events.js:198:13)
      at IncomingMessage.<anonymous> (/home/aleksi/.yarn/lib/cli.js:141643:12)
      at Object.onceWrapper (events.js:286:20)
      at IncomingMessage.emit (events.js:203:15)
      at endReadableNT (_stream_readable.js:1145:12)
      at process._tickCallback (internal/process/next_tick.js:63:19)

npm manifest: 
  {
    "dependencies": {
      "p5": "^1.3.1"
    }
  }

yarn manifest: 
  No manifest

Lockfile: 
  # THIS IS AN AUTOGENERATED FILE. DO NOT EDIT THIS FILE DIRECTLY.
  # yarn lockfile v1
  
  
  p5@^1.3.1:
    version "1.3.1"
    resolved "https://registry.yarnpkg.com/p5/-/p5-1.3.1.tgz#7a6021bf2a42974cef71501c56e5b2120f5a2de1"
    integrity sha512-g7W2htgEwiAEGcl0WHccAJKbunUJwrUojUSR9+KihphJ33p5VpDdh1K8pDx4ppYjOr/lVEXaZ1XXDj27nwlNOg==
